<?xml version="1.0" encoding="UTF-8"?>
<!-- Generated by org.testng.reporters.JUnitReportReporter -->
<testsuite skipped="0" hostname="DESKTOP-H10S15L" name="org.ds.task.AppTest" tests="1" failures="0" timestamp="2019-10-13T01:18:39 YEKT" time="13.241" errors="0">
  <testcase name="shouldGoToTheHomePage" time="13.241" classname="org.ds.task.AppTest"/>
</testsuite> <!-- org.ds.task.AppTest -->
